<?xml version="1.0" encoding="UTF-8"?>
<testsuite name="com.example.restapi_subject.domain.auth.service.AuthServiceTest" tests="4" skipped="0" failures="0" errors="0" timestamp="2025-10-11T13:58:52.421Z" hostname="ijeong-won-ui-MacBookPro.local" time="1.262">
  <properties/>
  <testcase name="회원가입 실패 - DUPLICATE_NICKNAME" classname="com.example.restapi_subject.domain.auth.service.AuthServiceTest" time="0.656"/>
  <testcase name="회원가입 실패 - DUPLICATE_EMAIL" classname="com.example.restapi_subject.domain.auth.service.AuthServiceTest" time="0.306"/>
  <testcase name="회원가입 실패 - PASSWORD_MISMATCH" classname="com.example.restapi_subject.domain.auth.service.AuthServiceTest" time="0.002"/>
  <testcase name="회원가입 성공-생성된 사용자 ID를 반환" classname="com.example.restapi_subject.domain.auth.service.AuthServiceTest" time="0.297"/>
  <system-out><![CDATA[22:58:51.757 [Test worker] INFO org.springframework.test.context.support.AnnotationConfigContextLoaderUtils -- Could not detect default configuration classes for test class [com.example.restapi_subject.domain.auth.service.AuthServiceTest]: AuthServiceTest does not declare any static, non-private, non-final, nested classes annotated with @Configuration.
22:58:51.811 [Test worker] INFO org.springframework.boot.test.context.SpringBootTestContextBootstrapper -- Found @SpringBootConfiguration com.example.restapi_subject.RestapiSubjectApplication for test class com.example.restapi_subject.domain.auth.service.AuthServiceTest

  .   ____          _            __ _ _
 /\\ / ___'_ __ _ _(_)_ __  __ _ \ \ \ \
( ( )\___ | '_ | '_| | '_ \/ _` | \ \ \ \
 \\/  ___)| |_)| | | | | || (_| |  ) ) ) )
  '  |____| .__|_| |_|_| |_\__, | / / / /
 =========|_|==============|___/=/_/_/_/

 :: Spring Boot ::                (v3.5.6)

2025-10-11T22:58:51.998+09:00  INFO 12719 --- [restapi-subject] [    Test worker] c.e.r.d.auth.service.AuthServiceTest     : Starting AuthServiceTest using Java 17.0.16 with PID 12719 (started by ijeong-won in /Users/ijeong-won/Downloads/restapi-subject)
2025-10-11T22:58:51.998+09:00  INFO 12719 --- [restapi-subject] [    Test worker] c.e.r.d.auth.service.AuthServiceTest     : The following 1 profile is active: "local"
2025-10-11T22:58:52.414+09:00  INFO 12719 --- [restapi-subject] [    Test worker] c.e.r.d.auth.service.AuthServiceTest     : Started AuthServiceTest in 0.541 seconds (process running for 0.984)
]]></system-out>
  <system-err><![CDATA[]]></system-err>
</testsuite>
